<?xml version="1.0" encoding="UTF-8"?>
<testng-results skipped="0" failed="1" total="4" passed="3">
  <reporter-output>
  </reporter-output>
  <suite name="Default suite" duration-ms="225" started-at="2018-09-07T06:02:52Z" finished-at="2018-09-07T06:02:52Z">
    <groups>
    </groups>
    <test name="Default test" duration-ms="225" started-at="2018-09-07T06:02:52Z" finished-at="2018-09-07T06:02:52Z">
      <class name="jenkinstest.jenkinstest.Test1">
        <test-method status="PASS" signature="setup()[pri:0, instance:jenkinstest.jenkinstest.Test1@4f933fd1]" name="setup" is-config="true" duration-ms="32" started-at="2018-09-07T11:32:52Z" finished-at="2018-09-07T11:32:52Z">
          <reporter-output>
          </reporter-output>
        </test-method> <!-- setup -->
        <test-method status="FAIL" signature="fail()[pri:0, instance:jenkinstest.jenkinstest.Test1@4f933fd1]" name="fail" duration-ms="27" started-at="2018-09-07T11:32:52Z" finished-at="2018-09-07T11:32:52Z">
          <exception class="java.lang.AssertionError">
            <full-stacktrace>
              <![CDATA[java.lang.AssertionError
	at org.junit.Assert.fail(Assert.java:92)
	at org.junit.Assert.fail(Assert.java:100)
	at jenkinstest.jenkinstest.Test1.fail(Test1.java:33)
	at sun.reflect.NativeMethodAccessorImpl.invoke0(Native Method)
	at sun.reflect.NativeMethodAccessorImpl.invoke(Unknown Source)
	at sun.reflect.DelegatingMethodAccessorImpl.invoke(Unknown Source)
	at java.lang.reflect.Method.invoke(Unknown Source)
	at org.testng.internal.MethodInvocationHelper.invokeMethod(MethodInvocationHelper.java:80)
	at org.testng.internal.Invoker.invokeMethod(Invoker.java:714)
	at org.testng.internal.Invoker.invokeTestMethod(Invoker.java:901)
	at org.testng.internal.Invoker.invokeTestMethods(Invoker.java:1231)
	at org.testng.internal.TestMethodWorker.invokeTestMethods(TestMethodWorker.java:127)
	at org.testng.internal.TestMethodWorker.run(TestMethodWorker.java:111)
	at org.testng.TestRunner.privateRun(TestRunner.java:767)
	at org.testng.TestRunner.run(TestRunner.java:617)
	at org.testng.SuiteRunner.runTest(SuiteRunner.java:334)
	at org.testng.SuiteRunner.runSequentially(SuiteRunner.java:329)
	at org.testng.SuiteRunner.privateRun(SuiteRunner.java:291)
	at org.testng.SuiteRunner.run(SuiteRunner.java:240)
	at org.testng.SuiteRunnerWorker.runSuite(SuiteRunnerWorker.java:52)
	at org.testng.SuiteRunnerWorker.run(SuiteRunnerWorker.java:86)
	at org.testng.TestNG.runSuitesSequentially(TestNG.java:1198)
	at org.testng.TestNG.runSuitesLocally(TestNG.java:1123)
	at org.testng.TestNG.run(TestNG.java:1031)
	at org.testng.remote.AbstractRemoteTestNG.run(AbstractRemoteTestNG.java:126)
	at org.testng.remote.RemoteTestNG.initAndRun(RemoteTestNG.java:152)
	at org.testng.remote.RemoteTestNG.main(RemoteTestNG.java:57)
]]>
            </full-stacktrace>
          </exception> <!-- java.lang.AssertionError -->
          <reporter-output>
          </reporter-output>
        </test-method> <!-- fail -->
        <test-method status="PASS" signature="teardown()[pri:0, instance:jenkinstest.jenkinstest.Test1@4f933fd1]" name="teardown" is-config="true" duration-ms="0" started-at="2018-09-07T11:32:52Z" finished-at="2018-09-07T11:32:52Z">
          <reporter-output>
          </reporter-output>
        </test-method> <!-- teardown -->
        <test-method status="PASS" signature="setup()[pri:0, instance:jenkinstest.jenkinstest.Test1@4f933fd1]" name="setup" is-config="true" duration-ms="0" started-at="2018-09-07T11:32:52Z" finished-at="2018-09-07T11:32:52Z">
          <reporter-output>
          </reporter-output>
        </test-method> <!-- setup -->
        <test-method status="PASS" signature="test1()[pri:0, instance:jenkinstest.jenkinstest.Test1@4f933fd1]" name="test1" duration-ms="5" started-at="2018-09-07T11:32:52Z" finished-at="2018-09-07T11:32:52Z">
          <reporter-output>
          </reporter-output>
        </test-method> <!-- test1 -->
        <test-method status="PASS" signature="teardown()[pri:0, instance:jenkinstest.jenkinstest.Test1@4f933fd1]" name="teardown" is-config="true" duration-ms="0" started-at="2018-09-07T11:32:52Z" finished-at="2018-09-07T11:32:52Z">
          <reporter-output>
          </reporter-output>
        </test-method> <!-- teardown -->
        <test-method status="PASS" signature="setup()[pri:0, instance:jenkinstest.jenkinstest.Test1@4f933fd1]" name="setup" is-config="true" duration-ms="1" started-at="2018-09-07T11:32:52Z" finished-at="2018-09-07T11:32:52Z">
          <reporter-output>
          </reporter-output>
        </test-method> <!-- setup -->
        <test-method status="PASS" signature="test2()[pri:0, instance:jenkinstest.jenkinstest.Test1@4f933fd1]" name="test2" duration-ms="4" started-at="2018-09-07T11:32:52Z" finished-at="2018-09-07T11:32:52Z">
          <reporter-output>
          </reporter-output>
        </test-method> <!-- test2 -->
        <test-method status="PASS" signature="teardown()[pri:0, instance:jenkinstest.jenkinstest.Test1@4f933fd1]" name="teardown" is-config="true" duration-ms="0" started-at="2018-09-07T11:32:52Z" finished-at="2018-09-07T11:32:52Z">
          <reporter-output>
          </reporter-output>
        </test-method> <!-- teardown -->
        <test-method status="PASS" signature="setup()[pri:0, instance:jenkinstest.jenkinstest.Test1@4f933fd1]" name="setup" is-config="true" duration-ms="1" started-at="2018-09-07T11:32:52Z" finished-at="2018-09-07T11:32:52Z">
          <reporter-output>
          </reporter-output>
        </test-method> <!-- setup -->
        <test-method status="PASS" signature="test3()[pri:0, instance:jenkinstest.jenkinstest.Test1@4f933fd1]" name="test3" duration-ms="10" started-at="2018-09-07T11:32:52Z" finished-at="2018-09-07T11:32:52Z">
          <reporter-output>
          </reporter-output>
        </test-method> <!-- test3 -->
        <test-method status="PASS" signature="teardown()[pri:0, instance:jenkinstest.jenkinstest.Test1@4f933fd1]" name="teardown" is-config="true" duration-ms="1" started-at="2018-09-07T11:32:52Z" finished-at="2018-09-07T11:32:52Z">
          <reporter-output>
          </reporter-output>
        </test-method> <!-- teardown -->
      </class> <!-- jenkinstest.jenkinstest.Test1 -->
    </test> <!-- Default test -->
  </suite> <!-- Default suite -->
</testng-results>
